
=== Wed Feb 20 22:21:16 2019

Packages were changed.
Update Mode: updateDependencies

The following packages were added:
  com.unity.collab-proxy@1.2.15
The following packages were updated:
  com.unity.analytics from version 2.0.16 to 3.2.2
  com.unity.package-manager-ui from version 1.9.11 to 2.0.3
  com.unity.textmeshpro from version 1.2.4 to 1.3.0

=== Sat Nov 20 16:25:01 2021

Packages were changed.
Update Mode: updateDependencies

The following packages were added:
  com.unity.2d.sprite@1.0.0
  com.unity.2d.tilemap@1.0.0
  com.unity.ide.rider@3.0.7
  com.unity.ide.visualstudio@2.0.11
  com.unity.ide.vscode@1.2.4
  com.unity.modules.androidjni@1.0.0
  com.unity.test-framework@1.1.29
  com.unity.timeline@1.6.2
  com.unity.ugui@1.0.0
  com.unity.xr.legacyinputhelpers@2.1.8
The following packages were updated:
  com.unity.2d.pixel-perfect from version 1.0.1-preview to 5.0.1
  com.unity.ads from version 2.0.8 to 3.7.5
  com.unity.analytics from version 3.2.2 to 3.6.11
  com.unity.cinemachine from version 2.2.7 to 2.8.2
  com.unity.collab-proxy from version 1.2.15 to 1.15.1
  com.unity.purchasing from version 2.0.3 to 4.1.1
  com.unity.textmeshpro from version 1.3.0 to 3.0.6
The following packages were removed:
  com.unity.package-manager-ui@2.0.3

=== Mon Feb  6 16:48:38 2023

Packages were changed.
Update Mode: updateDependencies

The following packages were updated:
  com.unity.2d.pixel-perfect from version 5.0.1 to 5.0.3
  com.unity.analytics from version 3.6.11 to 3.6.12
  com.unity.cinemachine from version 2.8.2 to 2.8.9
  com.unity.collab-proxy from version 1.15.1 to 2.0.0
  com.unity.ide.rider from version 3.0.7 to 3.0.18
  com.unity.ide.visualstudio from version 2.0.11 to 2.0.17
  com.unity.ide.vscode from version 1.2.4 to 1.2.5
  com.unity.purchasing from version 4.1.1 to 4.5.2
  com.unity.test-framework from version 1.1.29 to 1.1.31
  com.unity.timeline from version 1.6.2 to 1.6.4
  com.unity.xr.legacyinputhelpers from version 2.1.8 to 2.1.10
